<?xml version="1.0" encoding="UTF-8"?>
<coverage generated="1671062707237" clover="3.2.0">
  <project timestamp="1671062707237" name="All files">
    <metrics statements="3" coveredstatements="3" conditionals="0" coveredconditionals="0" methods="1" coveredmethods="1" elements="4" coveredelements="4" complexity="0" loc="3" ncloc="3" packages="1" files="1" classes="1"/>
    <file name="addTodoTask.js" path="C:\Users\hp\OneDrive\Desktop\Microverse\week 7\Webpack-Practice\src\modules\addTodoTask.js">
      <metrics statements="3" coveredstatements="3" conditionals="0" coveredconditionals="0" methods="1" coveredmethods="1"/>
      <line num="2" count="1" type="stmt"/>
      <line num="3" count="1" type="stmt"/>
      <line num="6" count="1" type="stmt"/>
    </file>
  </project>
</coverage>
