{"C:\\Users\\hp\\OneDrive\\Desktop\\Microverse\\week 7\\Webpack-Practice\\src\\modules\\addTodoTask.js": {"path":"C:\\Users\\hp\\OneDrive\\Desktop\\Microverse\\week 7\\Webpack-Practice\\src\\modules\\addTodoTask.js","statementMap":{"0":{"start":{"line":2,"column":2},"end":{"line":2,"column":22}},"1":{"start":{"line":3,"column":2},"end":{"line":3,"column":18}},"2":{"start":{"line":6,"column":0},"end":{"line":6,"column":27}}},"fnMap":{"0":{"name":"addAnItem","decl":{"start":{"line":1,"column":9},"end":{"line":1,"column":18}},"loc":{"start":{"line":1,"column":35},"end":{"line":4,"column":1}},"line":1}},"branchMap":{},"s":{"0":1,"1":1,"2":1},"f":{"0":1},"b":{},"_coverageSchema":"1a1c01bbd47fc00a2c39e90264f33305004495a9","hash":"520bce1a9fa759c25602d0b2dac46e53e534ba33"}
}
